dib/build/outputs/proguard/release/seeds.txt
com.appindesign.dib.Dib
com.appindesign.dib.Dib: Dib()
com.appindesign.dib.Dib: void onDib(android.view.View)
com.appindesign.dib.LocalStore
com.appindesign.dib.LocalStore: LocalStore()
com.appindesign.dib.Preferences
com.appindesign.dib.Preferences: Preferences()
com.appindesign.dib.R$anim: int abc_fade_in
com.appindesign.dib.R$anim: int abc_fade_out
com.appindesign.dib.R$anim: int abc_slide_in_bottom
com.appindesign.dib.R$anim: int abc_slide_in_top
com.appindesign.dib.R$anim: int abc_slide_out_bottom
com.appindesign.dib.R$anim: int abc_slide_out_top
com.appindesign.dib.R$array: int resultSlipColumnTags
com.appindesign.dib.R$attr: int actionBarDivider
com.appindesign.dib.R$attr: int actionBarItemBackground
com.appindesign.dib.R$attr: int actionBarSize
com.appindesign.dib.R$attr: int actionBarSplitStyle
com.appindesign.dib.R$attr: int actionBarStyle
com.appindesign.dib.R$attr: int actionBarTabBarStyle
com.appindesign.dib.R$attr: int actionBarTabStyle
com.appindesign.dib.R$attr: int actionBarTabTextStyle
com.appindesign.dib.R$attr: int actionBarWidgetTheme
com.appindesign.dib.R$attr: int actionButtonStyle
com.appindesign.dib.R$attr: int actionDropDownStyle
com.appindesign.dib.R$attr: int actionLayout
com.appindesign.dib.R$attr: int actionMenuTextAppearance
com.appindesign.dib.R$attr: int actionMenuTextColor
com.appindesign.dib.R$attr: int actionModeBackground
com.appindesign.dib.R$attr: int actionModeCloseButtonStyle
com.appindesign.dib.R$attr: int actionModeCloseDrawable
com.appindesign.dib.R$attr: int actionModeCopyDrawable
com.appindesign.dib.R$attr: int actionModeCutDrawable
com.appindesign.dib.R$attr: int actionModeFindDrawable
com.appindesign.dib.R$attr: int actionModePasteDrawable
com.appindesign.dib.R$attr: int actionModePopupWindowStyle
com.appindesign.dib.R$attr: int actionModeSelectAllDrawable
com.appindesign.dib.R$attr: int actionModeShareDrawable
com.appindesign.dib.R$attr: int actionModeSplitBackground
com.appindesign.dib.R$attr: int actionModeStyle
com.appindesign.dib.R$attr: int actionModeWebSearchDrawable
com.appindesign.dib.R$bool: int abc_action_bar_embed_tabs_pre_jb
com.appindesign.dib.R$bool: int abc_action_bar_expanded_action_views_exclusive
com.appindesign.dib.R$bool: int abc_config_actionMenuItemAllCaps
com.appindesign.dib.R$bool: int abc_config_allowActionMenuItemTextWithIcon
com.appindesign.dib.R$bool: int abc_config_showMenuShortcutsWhenKeyboardPresent
com.appindesign.dib.R$bool: int abc_split_action_bar_is_narrow
com.appindesign.dib.R$color: int abc_search_url_text_holo
com.appindesign.dib.R$color: int abc_search_url_text_normal
com.appindesign.dib.R$color: int abc_search_url_text_pressed
com.appindesign.dib.R$color: int abc_search_url_text_selected
com.appindesign.dib.R$color: int accent
com.appindesign.dib.R$color: int accentDark
com.appindesign.dib.R$color: int accentLight
com.appindesign.dib.R$color: int actionBarText
com.appindesign.dib.R$color: int hintText
com.appindesign.dib.R$color: int primary
com.appindesign.dib.R$color: int primaryDark
com.appindesign.dib.R$color: int primaryLight
com.appindesign.dib.R$color: int secondaryText
com.appindesign.dib.R$color: int text
...
android.support.v7.internal.widget.ActionBarView$SavedState
android.support.v7.internal.widget.ActionBarView$SavedState: android.os.Parcelable$Creator CREATOR
android.support.v7.internal.widget.ActivityChooserView: void setActivityChooserModel(android.support.v7.internal.widget.ActivityChooserModel)
android.support.v7.internal.widget.ActivityChooserView: void setExpandActivityOverflowButtonDrawable(android.graphics.drawable.Drawable)
android.support.v7.internal.widget.ActivityChooserView: void setExpandActivityOverflowButtonContentDescription(int)
android.support.v7.internal.widget.ActivityChooserView: void setProvider(android.support.v4.view.ActionProvider)
android.support.v7.internal.widget.ActivityChooserView: android.support.v7.internal.widget.ActivityChooserModel getDataModel()
android.support.v7.internal.widget.ActivityChooserView: void setOnDismissListener(android.widget.PopupWindow$OnDismissListener)
android.support.v7.internal.widget.ActivityChooserView: void setInitialActivityCount(int)
android.support.v7.internal.widget.ActivityChooserView: void setDefaultActionButtonContentDescription(int)
android.support.v7.internal.widget.ActivityChooserView: android.support.v7.internal.widget.ListPopupWindow getListPopupWindow()
android.support.v7.internal.widget.CompatTextView: CompatTextView(android.content.Context)
android.support.v7.internal.widget.CompatTextView: CompatTextView(android.content.Context,android.util.AttributeSet)
android.support.v7.internal.widget.CompatTextView: CompatTextView(android.content.Context,android.util.AttributeSet,int)
android.support.v7.internal.widget.LinearLayoutICS
android.support.v7.internal.widget.LinearLayoutICS: LinearLayoutICS(android.content.Context,android.util.AttributeSet)
android.support.v7.internal.widget.LinearLayoutICS: int getSupportDividerWidth()
android.support.v7.internal.widget.NativeActionModeAwareLayout
android.support.v7.internal.widget.NativeActionModeAwareLayout: NativeActionModeAwareLayout(android.content.Context,android.util.AttributeSet)
android.support.v7.internal.widget.NativeActionModeAwareLayout: void setActionModeForChildListener(android.support.v7.internal.widget.NativeActionModeAwareLayout$OnActionModeForChildListener)
android.support.v7.internal.widget.ProgressBarICS: android.graphics.drawable.shapes.Shape getDrawableShape()
android.support.v7.internal.widget.ProgressBarICS: void setIndeterminate(boolean)
android.support.v7.internal.widget.ProgressBarICS: android.graphics.drawable.Drawable getIndeterminateDrawable()
android.support.v7.internal.widget.ProgressBarICS: void setIndeterminateDrawable(android.graphics.drawable.Drawable)
android.support.v7.internal.widget.ProgressBarICS: android.graphics.drawable.Drawable getProgressDrawable()
android.support.v7.internal.widget.ProgressBarICS: void setProgressDrawable(android.graphics.drawable.Drawable)
android.support.v7.internal.widget.ProgressBarICS: void setProgress(int)
android.support.v7.internal.widget.ProgressBarICS: void setSecondaryProgress(int)
android.support.v7.internal.widget.ProgressBarICS: int getProgress()
android.support.v7.internal.widget.ProgressBarICS: int getSecondaryProgress()
android.support.v7.internal.widget.ProgressBarICS: int getMax()
android.support.v7.internal.widget.ProgressBarICS: void setMax(int)
android.support.v7.internal.widget.ProgressBarICS: void setInterpolator(android.view.animation.Interpolator)
android.support.v7.internal.widget.ProgressBarICS: android.view.animation.Interpolator getInterpolator()
android.support.v7.internal.widget.ProgressBarICS: void setVisibility(int)
android.support.v7.internal.widget.ProgressBarICS$SavedState
android.support.v7.internal.widget.ProgressBarICS$SavedState: android.os.Parcelable$Creator CREATOR