dib/build/outputs/proguard/release/mapping.txt
com.appindesign.dib.Dib -> com.appindesign.dib.Dib:
    int mnQR_SCAN_ACTIVITY -> o
    android.os.PowerManager$WakeLock mWakeLock -> p
    android.nfc.NfcAdapter mNfcAdapter -> q
    android.content.SharedPreferences mDefaultSharedPrefs -> r
    android.app.PendingIntent mNfcPendingIntent -> s
    android.content.IntentFilter[] mIntentFiltersArray -> t
    java.lang.String[][] mNfcTechListsArray -> u
    java.lang.Boolean isDibView -> v
    void onCreate(android.os.Bundle) -> onCreate
    void onRestoreInstanceState(android.os.Bundle) -> onRestoreInstanceState
    void onSaveInstanceState(android.os.Bundle) -> onSaveInstanceState
    void onResume() -> onResume
    void onPause() -> onPause
    boolean onCreateOptionsMenu(android.view.Menu) -> onCreateOptionsMenu
    boolean onOptionsItemSelected(android.view.MenuItem) -> onOptionsItemSelected
    void about() -> h
    void onDib(android.view.View) -> onDib
    void onActivityResult(int,int,android.content.Intent) -> onActivityResult
    void onNewIntent(android.content.Intent) -> onNewIntent
    void readTagCommand(java.lang.String) -> b
    void storeDib(java.lang.String) -> c
    void radioControl(java.lang.String,java.lang.String) -> a
    java.lang.String readNfcTag(android.content.Intent) -> c
    void downloadResult(java.lang.String[]) -> a
    void markCourse(com.appindesign.diblibrary.ControlCard,com.appindesign.dib.Dibber) -> a
com.appindesign.dib.Dib$1 -> com.appindesign.dib.a:
    com.appindesign.dib.Dib this$0 -> a
    void onClick(android.content.DialogInterface,int) -> onClick
com.appindesign.dib.Dibber -> com.appindesign.dib.b:
    java.util.ArrayList dibs -> a
    java.lang.String getCode(int) -> a
    java.lang.Long getTimestamp(int) -> b
    int getNumberOfDibs() -> a
    int getIndex(java.lang.String,int) -> a
    void removePunch(int) -> c
com.appindesign.dib.LocalStore -> com.appindesign.dib.LocalStore:
    android.net.Uri CONTENT_URI -> a
    android.content.UriMatcher uriMatcher -> b
    android.database.sqlite.SQLiteDatabase oLocalStoreDB -> c
    java.lang.String getType(android.net.Uri) -> getType
    boolean onCreate() -> onCreate
    android.net.Uri insert(android.net.Uri,android.content.ContentValues) -> insert
    int delete(android.net.Uri,java.lang.String,java.lang.String[]) -> delete
    int update(android.net.Uri,android.content.ContentValues,java.lang.String,java.lang.String[]) -> update
    android.database.Cursor query(android.net.Uri,java.lang.String[],java.lang.String,java.lang.String[],java.lang.String) -> query
com.appindesign.dib.LocalStore$DatabaseHelper -> com.appindesign.dib.c:
    void onCreate(android.database.sqlite.SQLiteDatabase) -> onCreate
    void onUpgrade(android.database.sqlite.SQLiteDatabase,int,int) -> onUpgrade
com.appindesign.dib.Preferences -> com.appindesign.dib.Preferences:
    android.content.SharedPreferences$OnSharedPreferenceChangeListener listener -> a
    void onCreate(android.os.Bundle) -> onCreate
    void populateSummaries() -> a
com.appindesign.dib.Preferences$1 -> com.appindesign.dib.d:
    com.appindesign.dib.Preferences this$0 -> a
    void onSharedPreferenceChanged(android.content.SharedPreferences,java.lang.String) -> onSharedPreferenceChanged
com.appindesign.dib.ResultSlip -> com.appindesign.dib.e:
    java.util.ArrayList legResultsList -> a
    java.util.ArrayList getResultSlipData() -> a
...
android.support.v7.internal.widget.ActionBarView$1 -> android.support.v7.internal.widget.f:
    android.support.v7.internal.widget.ActionBarView this$0 -> a
    void onItemSelected(android.support.v7.internal.widget.AdapterViewICS,android.view.View,int,long) -> a
    void onNothingSelected(android.support.v7.internal.widget.AdapterViewICS) -> a
android.support.v7.internal.widget.ActionBarView$2 -> android.support.v7.internal.widget.g:
    android.support.v7.internal.widget.ActionBarView this$0 -> a
    void onClick(android.view.View) -> onClick
android.support.v7.internal.widget.ActionBarView$3 -> android.support.v7.internal.widget.h:
    android.support.v7.internal.widget.ActionBarView this$0 -> a
    void onClick(android.view.View) -> onClick
android.support.v7.internal.widget.ActionBarView$ExpandedActionViewMenuPresenter -> android.support.v7.internal.widget.i:
    android.support.v7.internal.view.menu.MenuBuilder mMenu -> a
    android.support.v7.internal.view.menu.MenuItemImpl mCurrentExpandedItem -> b
    android.support.v7.internal.widget.ActionBarView this$0 -> c
    void initForMenu(android.content.Context,android.support.v7.internal.view.menu.MenuBuilder) -> a
    void updateMenuView(boolean) -> b
    boolean onSubMenuSelected(android.support.v7.internal.view.menu.SubMenuBuilder) -> a
    void onCloseMenu(android.support.v7.internal.view.menu.MenuBuilder,boolean) -> a
    boolean flagActionItems() -> g
    boolean expandItemActionView(android.support.v7.internal.view.menu.MenuBuilder,android.support.v7.internal.view.menu.MenuItemImpl) -> a
    boolean collapseItemActionView(android.support.v7.internal.view.menu.MenuBuilder,android.support.v7.internal.view.menu.MenuItemImpl) -> b
android.support.v7.internal.widget.ActionBarView$HomeView -> android.support.v7.internal.widget.ActionBarView$HomeView:
    android.widget.ImageView mUpView -> a
    android.widget.ImageView mIconView -> b
    int mUpWidth -> c
    int mUpIndicatorRes -> d
    android.graphics.drawable.Drawable mDefaultUpIndicator -> e
    void setUp(boolean) -> a
    void setIcon(android.graphics.drawable.Drawable) -> a
    void setUpIndicator(android.graphics.drawable.Drawable) -> b
    void setUpIndicator(int) -> a
    void onConfigurationChanged(android.content.res.Configuration) -> onConfigurationChanged
    boolean dispatchPopulateAccessibilityEvent(android.view.accessibility.AccessibilityEvent) -> dispatchPopulateAccessibilityEvent
    void onFinishInflate() -> onFinishInflate
    int getLeftOffset() -> a
    void onMeasure(int,int) -> onMeasure
    void onLayout(boolean,int,int,int,int) -> onLayout
android.support.v7.internal.widget.ActionBarView$SavedState -> android.support.v7.internal.widget.ActionBarView$SavedState:
    int expandedMenuItemId -> a
    boolean isOverflowOpen -> b
    android.os.Parcelable$Creator CREATOR -> CREATOR
    void writeToParcel(android.os.Parcel,int) -> writeToParcel
android.support.v7.internal.widget.ActionBarView$SavedState$1 -> android.support.v7.internal.widget.j:
    android.support.v7.internal.widget.ActionBarView$SavedState createFromParcel(android.os.Parcel) -> a
    android.support.v7.internal.widget.ActionBarView$SavedState[] newArray(int) -> a
    java.lang.Object[] newArray(int) -> newArray
    java.lang.Object createFromParcel(android.os.Parcel) -> createFromParcel