dib/build/outputs/proguard/release/usage.txt
com.appindesign.dib.BuildConfig
com.appindesign.dib.Dib:
    597:599:private void logDebug(java.lang.String)
com.appindesign.dib.LocalStore:
    public static final java.lang.String PROVIDER_NAME
    private static final int ALL_RECORDS
    private static final int ONE_RECORD
    private static final java.lang.String DATABASE_NAME
    private static final java.lang.String DATABASE_TABLE
    private static final int DATABASE_VERSION
    public static final java.lang.String _ID
    private static final java.lang.String DATABASE_CREATE
com.appindesign.dib.R
com.appindesign.dib.R$anim
com.appindesign.dib.R$array
com.appindesign.dib.R$attr
com.appindesign.dib.R$bool
com.appindesign.dib.R$color
com.appindesign.dib.R$dimen
com.appindesign.dib.R$drawable
com.appindesign.dib.R$id
com.appindesign.dib.R$integer
com.appindesign.dib.R$layout
com.appindesign.dib.R$menu
com.appindesign.dib.R$string
com.appindesign.dib.R$style
com.appindesign.dib.R$styleable
com.appindesign.dib.R$xml
...
android.support.v7.internal.widget.ActivityChooserModel$ActivityResolveInfo
android.support.v7.internal.widget.ActivityChooserModel$ActivitySorter
android.support.v7.internal.widget.ActivityChooserModel$DefaultSorter
android.support.v7.internal.widget.ActivityChooserModel$HistoricalRecord
android.support.v7.internal.widget.ActivityChooserModel$OnChooseActivityListener
android.support.v7.internal.widget.ActivityChooserModel$PersistHistoryAsyncTask
android.support.v7.internal.widget.ActivityChooserView
android.support.v7.internal.widget.ActivityChooserView$1
android.support.v7.internal.widget.ActivityChooserView$2
android.support.v7.internal.widget.ActivityChooserView$3
android.support.v7.internal.widget.ActivityChooserView$ActivityChooserViewAdapter
android.support.v7.internal.widget.ActivityChooserView$Callbacks
android.support.v7.internal.widget.AdapterViewICS:
    static final int ITEM_VIEW_TYPE_IGNORE
    static final int ITEM_VIEW_TYPE_HEADER_OR_FOOTER
    static final int SYNC_SELECTED_POSITION
    static final int SYNC_FIRST_POSITION
    static final int SYNC_MAX_DURATION_MILLIS
    android.support.v7.internal.widget.AdapterViewICS$OnItemLongClickListener mOnItemLongClickListener
    public static final int INVALID_POSITION
    public static final long INVALID_ROW_ID
    67:229:AdapterViewICS(android.content.Context)
    67:233:AdapterViewICS(android.content.Context,android.util.AttributeSet)
    290:290:public final android.support.v7.internal.widget.AdapterViewICS$OnItemClickListener getOnItemClickListener()
    345:349:public void setOnItemLongClickListener(android.support.v7.internal.widget.AdapterViewICS$OnItemLongClickListener)
    356:356:public final android.support.v7.internal.widget.AdapterViewICS$OnItemLongClickListener getOnItemLongClickListener()
    402:402:public final android.support.v7.internal.widget.AdapterViewICS$OnItemSelectedListener getOnItemSelectedListener()
    public abstract void setAdapter(android.widget.Adapter)
    575:580:public java.lang.Object getSelectedItem()
    591:591:public int getCount()
    604:624:public int getPositionForView(android.view.View)
    634:634:public int getFirstVisiblePosition()
    644:644:public int getLastVisiblePosition()
    public abstract void setSelection(int)
android.support.v7.internal.widget.AdapterViewICS$AdapterContextMenuInfo
android.support.v7.internal.widget.AdapterViewICS$AdapterDataSetObserver:
    843:844:public void clearSavedState()
android.support.v7.internal.widget.AdapterViewICS$OnItemLongClickListener
android.support.v7.internal.widget.LinearLayoutICS:
    private static final int SHOW_DIVIDER_NONE
    private static final int SHOW_DIVIDER_BEGINNING
    private static final int SHOW_DIVIDER_MIDDLE
    private static final int SHOW_DIVIDER_END